<?xml version="1.0" encoding="UTF-8"?><testrun name="TestRunner" project="BDDCucumberFramework" tests="5" started="5" failures="2" errors="0" ignored="0">
  <testsuite name="MyTestRunner.TestRunner" time="9.745">
    <testsuite name="Feature: Login Application feature" time="9.745">
      <testsuite name="Scenario: User Login Scenario" time="9.745" incomplete="true">
        <failure>
          <expected>CRMPRO-Anshul</expected>
          <actual>CRMPRO</actual>junit.framework.ComparisonFailure: expected:&lt;CRMPRO[-Anshul]&gt; but was:&lt;CRMPRO[]&gt;&#13;
	at junit.framework.Assert.assertEquals(Assert.java:100)&#13;
	at junit.framework.Assert.assertEquals(Assert.java:107)&#13;
	at StepDefinitions.LoginSteps.user_navigate_to_user_Profile_page(LoginSteps.java:57)&#13;
	at ✽.When User navigate to user Profile page(Login.feature:8)&#13;
&#13;
</failure>
        <testcase name="Given User is on Application Home Page" classname="Scenario: User Login Scenario" time="0.015"/>
        <testcase name="When Application Page Tittle is FREE CRM" classname="Scenario: User Login Scenario" time="0.184"/>
        <testcase name="Then user enters username and password" classname="Scenario: User Login Scenario" time="9.531"/>
        <testcase name="And user clicks on Login Butoon" classname="Scenario: User Login Scenario" time="0.009"/>
        <testcase name="When User navigate to user Profile page" classname="Scenario: User Login Scenario" time="0.004">
          <failure>
            <expected>CRMPRO-Anshul</expected>
            <actual>CRMPRO</actual>junit.framework.ComparisonFailure: expected:&lt;CRMPRO[-Anshul]&gt; but was:&lt;CRMPRO[]&gt;&#13;
	at junit.framework.Assert.assertEquals(Assert.java:100)&#13;
	at junit.framework.Assert.assertEquals(Assert.java:107)&#13;
	at StepDefinitions.LoginSteps.user_navigate_to_user_Profile_page(LoginSteps.java:57)&#13;
	at ✽.When User navigate to user Profile page(Login.feature:8)&#13;
&#13;
</failure>
        </testcase>
      </testsuite>
    </testsuite>
  </testsuite>
</testrun>
